===== level 0 =====

This GDB supports auto-downloading debuginfo from the following URLs:
  <https://debuginfod.ubuntu.com>
Enable debuginfod for this session? (y or [n]) [answered N; input not from terminal]
Debuginfod has been disabled.
To make this setting permanent, add 'set debuginfod enabled off' to .gdbinit.
[Thread debugging using libthread_db enabled]
Using host libthread_db library "/lib/x86_64-linux-gnu/libthread_db.so.1".
===== 自动生成的唯一随机代码 =====
随机ID(十进制)：2292797463
随机代码(十六进制)：88A95017
编译时间：Apr 24 2026 11:54:30

user id : U202414862 
cookie : 0xc109b0e 
hex string file : level0.txt 
level : 0 
smoke : 0x0x401376   fizz : 0x0x401397  bang : 0x0x4013ef 
welcome  U202414862 
Smoke!: You called smoke()
[Inferior 1 (process 68838) exited normally]
===== level 1 =====

This GDB supports auto-downloading debuginfo from the following URLs:
  <https://debuginfod.ubuntu.com>
Enable debuginfod for this session? (y or [n]) [answered N; input not from terminal]
Debuginfod has been disabled.
To make this setting permanent, add 'set debuginfod enabled off' to .gdbinit.
[Thread debugging using libthread_db enabled]
Using host libthread_db library "/lib/x86_64-linux-gnu/libthread_db.so.1".
===== 自动生成的唯一随机代码 =====
随机ID(十进制)：2292797463
随机代码(十六进制)：88A95017
编译时间：Apr 24 2026 11:54:30

user id : U202414862 
cookie : 0xc109b0e 
hex string file : level1.txt 
level : 1 
smoke : 0x0x401376   fizz : 0x0x401397  bang : 0x0x4013ef 
welcome  U202414862 
Fizz!: You called fizz(0xc109b0e)
[Inferior 1 (process 68870) exited normally]
===== level 2 =====

This GDB supports auto-downloading debuginfo from the following URLs:
  <https://debuginfod.ubuntu.com>
Enable debuginfod for this session? (y or [n]) [answered N; input not from terminal]
Debuginfod has been disabled.
To make this setting permanent, add 'set debuginfod enabled off' to .gdbinit.
[Thread debugging using libthread_db enabled]
Using host libthread_db library "/lib/x86_64-linux-gnu/libthread_db.so.1".
===== 自动生成的唯一随机代码 =====
随机ID(十进制)：2292797463
随机代码(十六进制)：88A95017
编译时间：Apr 24 2026 11:54:30

user id : U202414862 
cookie : 0xc109b0e 
hex string file : level2.txt 
level : 2 
smoke : 0x0x401376   fizz : 0x0x401397  bang : 0x0x4013ef 
welcome  U202414862 
Bang!: You set global_value to 0xc109b0e
[Inferior 1 (process 68886) exited normally]
===== level 3 =====

This GDB supports auto-downloading debuginfo from the following URLs:
  <https://debuginfod.ubuntu.com>
Enable debuginfod for this session? (y or [n]) [answered N; input not from terminal]
Debuginfod has been disabled.
To make this setting permanent, add 'set debuginfod enabled off' to .gdbinit.
[Thread debugging using libthread_db enabled]
Using host libthread_db library "/lib/x86_64-linux-gnu/libthread_db.so.1".
===== 自动生成的唯一随机代码 =====
随机ID(十进制)：2292797463
随机代码(十六进制)：88A95017
编译时间：Apr 24 2026 11:54:30

user id : U202414862 
cookie : 0xc109b0e 
hex string file : level3.txt 
level : 3 
smoke : 0x0x401376   fizz : 0x0x401397  bang : 0x0x4013ef 
welcome  U202414862 
Boom!: getbuf returned 0xc109b0e
bye bye , U202414862
[Inferior 1 (process 68900) exited normally]
